
================================================================
======== txAdmin Starting - 4/12/2023, 8:42:15 AM               
================================================================
[08:42:53] [Xavier_Schahl] created admins file
[08:43:33] [Xavier_Schahl] Changing global settings via setup stepper and started Deployer.
[08:43:38] [Xavier_Schahl] Setting recipe.
[08:43:43] [Xavier_Schahl] Running recipe.
[08:44:23] [Xavier_Schahl] Completed and committed server deploy.
[08:48:22] [Xavier_Schahl] RESTART SERVER
[09:07:26] [Xavier_Schahl] Changing global settings.
[09:08:16] [Xavier_Schahl] Changing Player Controller settings.
[10:44:25] [Xavier_Schahl] Changing discordBot settings.
[12:02:17] [Xavier_Schahl] STOP SERVER

================================================================
======== txAdmin Starting - 4/12/2023, 12:17:31 PM              
================================================================

================================================================
======== txAdmin Starting - 4/12/2023, 12:20:31 PM              
================================================================
[12:21:38] [Xavier_Schahl] logged in from 163.5.2.51 via citizenfx
[12:25:51] [Xavier_Schahl] Changing fxRunner settings.
[12:25:59] [Xavier_Schahl] RESTART SERVER
