
================================================================
======== FXServer Starting - 4/12/2023, 8:44:23 AM              
================================================================
[    c-scripting-core] Creating script environments for _cfx_internal
[ citizen-server-impl] Scanning resources.
[ citizen-server-impl] Found 25 resources.
[          svadhesive] Authenticating server license key...
[          svadhesive] Server license key authentication succeeded. Welcome!
[    c-scripting-core] Creating script environments for sessionmanager
Stack overflow in unmanaged: IP: 0x7f4970a6ee45, fault addr: 0x7ffc4be16a88
[ citizen-server-impl] Started resource sessionmanager
[    c-scripting-core] Creating script environments for monitor
[      script:monitor] [txAdminClient] Version 4.17.1 starting...
[ citizen-server-impl] Started resource monitor
[    c-scripting-core] Creating script environments for mapmanager
[ citizen-server-impl] Started resource mapmanager
[    c-scripting-core] Creating script environments for yarn
[ citizen-server-impl] Started resource yarn
[ citizen-server-impl] Running build tasks on resource webpack - it'll restart once completed.
[    c-resources-core] Could not start dependency webpack for resource chat.
[ citizen-server-impl] Couldn't start resource chat.
[ citizen-server-impl] Started resource spawnmanager
[   script:mapmanager] Started gametype Freeroam
[ citizen-server-impl] Started resource basic-gamemode
[    c-scripting-core] Creating script environments for hardcap
[ citizen-server-impl] Started resource hardcap
[      script:monitor] [txAdminClient] Threads and commands set up. All Ready.
[   script:mapmanager] Started map fivem-map-hipster
[ citizen-server-impl] Started resource fivem-map-hipster
[ citizen-server-impl]         fff                          
[ citizen-server-impl]   cccc ff   xx  xx     rr rr    eee  
[ citizen-server-impl] cc     ffff   xx       rrr  r ee   e 
[ citizen-server-impl] cc     ff     xx   ... rr     eeeee  
[ citizen-server-impl]  ccccc ff   xx  xx ... rr      eeeee 
[ citizen-server-impl]                                      
[ citizen-server-impl] Authenticated with cfx.re Nucleus: https://xavier-schahl-vl777r.users.cfx.re/
[         script:yarn] [yarn]	yarn install v1.22.5
[         script:yarn] [yarn]	[1/4] Resolving packages...
[         script:yarn] [yarn]	[2/4] Fetching packages...
[         script:yarn] [yarn]	info fsevents@2.3.1: The platform "linux" is incompatible with this module.
[         script:yarn] [yarn]	info "fsevents@2.3.1" is an optional dependency and failed compatibility check. Excluding it from installation.
[         script:yarn] [yarn]	info fsevents@1.2.13: The platform "linux" is incompatible with this module.
[         script:yarn] info "fsevents@1.2.13" is an optional dependency and failed compatibility check. Excluding it from installation.
[         script:yarn] [yarn]	[3/4] Linking dependencies...
[         script:yarn] [yarn]	[4/4] Building fresh packages...
[         script:yarn] Error: [yarn]	warning Ignored scripts due to flag.
[         script:yarn] [yarn]	Done in 5.77s.
[ citizen-server-impl] Build tasks completed - starting resource webpack.
[    c-scripting-core] Creating script environments for webpack
[ citizen-server-impl] Running build tasks on resource chat - it'll restart once completed.
[ citizen-server-impl] Started resource webpack
[         script:yarn] [yarn]	yarn install v1.22.5
[         script:yarn] [yarn]	[1/4] Resolving packages...
[         script:yarn] [yarn]	[2/4] Fetching packages...
[         script:yarn] [yarn]	info fsevents@1.2.11: The platform "linux" is incompatible with this module.
[         script:yarn] [yarn]	info "fsevents@1.2.11" is an optional dependency and failed compatibility check. Excluding it from installation.
[         script:yarn] [yarn]	[3/4] Linking dependencies...
[         script:yarn] [yarn]	[4/4] Building fresh packages...
[         script:yarn] Error: [yarn]	warning Ignored scripts due to flag.
[         script:yarn] [yarn]	Done in 9.97s.
[      script:webpack] chat: started building webpack.config.js
[ citizen-server-impl] server thread hitch warning: timer interval of 672 milliseconds
[      script:webpack] chat: built webpack.config.js
[ citizen-server-impl] Build tasks completed - starting resource chat.
[    c-scripting-core] Creating script environments for chat
[ citizen-server-impl] Started resource chat
> txaReportResources
[      script:monitor] [txAdminClient] Sending resources list to txAdmin.
> txaEvent "serverShuttingDown" "{＂delay＂:5000,＂author＂:＂Xavier_Schahl＂,＂message＂:＂Server restarting (requested by Xavier_Schahl).＂}"
[      script:monitor] Server shutdown imminent. Kicking all players.

================================================================
======== FXServer Starting - 4/12/2023, 8:48:28 AM              
================================================================
[    c-scripting-core] Creating script environments for _cfx_internal
[ citizen-server-impl] Scanning resources.
[ citizen-server-impl] Found 25 resources.
[          svadhesive] Authenticating server license key...
[          svadhesive] Server license key authentication succeeded. Welcome!
[    c-scripting-core] Creating script environments for sessionmanager
[ citizen-server-impl] Started resource sessionmanager
[    c-scripting-core] Creating script environments for monitor
[      script:monitor] [txAdminClient] Version 4.17.1 starting...
[ citizen-server-impl] Started resource monitor
[    c-scripting-core] Creating script environments for mapmanager
[ citizen-server-impl] Started resource mapmanager
[    c-scripting-core] Creating script environments for yarn
[ citizen-server-impl] Started resource yarn
[    c-scripting-core] Creating script environments for webpack
[ citizen-server-impl] Started resource webpack
[    c-scripting-core] Creating script environments for chat
[ citizen-server-impl] Started resource chat
[ citizen-server-impl] Started resource spawnmanager
[   script:mapmanager] Started gametype Freeroam
[ citizen-server-impl] Started resource basic-gamemode
[    c-scripting-core] Creating script environments for hardcap
[ citizen-server-impl] Started resource hardcap
[      script:monitor] [txAdminClient] Threads and commands set up. All Ready.
[   script:mapmanager] Started map fivem-map-skater
[ citizen-server-impl] Started resource fivem-map-skater
[ citizen-server-impl]         fff                          
[ citizen-server-impl]   cccc ff   xx  xx     rr rr    eee  
[ citizen-server-impl] cc     ffff   xx       rrr  r ee   e 
[ citizen-server-impl] cc     ff     xx   ... rr     eeeee  
[ citizen-server-impl]  ccccc ff   xx  xx ... rr      eeeee 
[ citizen-server-impl]                                      
[ citizen-server-impl] Authenticated with cfx.re Nucleus: https://xavier-schahl-vl777r.users.cfx.re/
> txaReportResources
[      script:monitor] [txAdminClient] Sending resources list to txAdmin.
> txaReportResources
[      script:monitor] [txAdminClient] Sending resources list to txAdmin.
> setr "txAdmin-locale" "fr"
> set "txAdmin-localeFile" "/home/schahl_xavier/GTRP_FIVE/server/txData/locale.json"
> setr "txAdmin-verbose" "false"
> set "txAdmin-checkPlayerJoin" "true"
> set "txAdmin-menuAlignRight" "false"
> set "txAdmin-menuPageKey" "Tab"
> txaEvent "configChanged" "{}"
> txAdmin-checkPlayerJoin true
> txaReportResources
[      script:monitor] [txAdminClient] Sending resources list to txAdmin.
> txaEvent "serverShuttingDown" "{＂delay＂:5000,＂author＂:＂Xavier_Schahl＂,＂message＂:＂Fermeture du serveur (requested by Xavier_Schahl).＂}"
[      script:monitor] Server shutdown imminent. Kicking all players.

================================================================
======== FXServer Starting - 4/12/2023, 12:26:06 PM             
================================================================
[    c-scripting-core] Creating script environments for _cfx_internal
[ citizen-server-impl] Scanning resources.
[ citizen-server-impl] Found 25 resources.
[          svadhesive] Authenticating server license key...
[          svadhesive] Server license key authentication succeeded. Welcome!
[    c-scripting-core] Creating script environments for sessionmanager
Stack overflow in unmanaged: IP: 0x7f7d0b6ebe45, fault addr: 0x7ffd484327c8
[ citizen-server-impl] Started resource sessionmanager
[    c-scripting-core] Creating script environments for monitor
[      script:monitor] [txAdminClient] Version 4.17.1 starting...
[ citizen-server-impl] Started resource monitor
[    c-scripting-core] Creating script environments for mapmanager
[ citizen-server-impl] Started resource mapmanager
[    c-scripting-core] Creating script environments for yarn
[ citizen-server-impl] Started resource yarn
[    c-scripting-core] Creating script environments for webpack
[ citizen-server-impl] Started resource webpack
[ citizen-server-impl] Running build tasks on resource chat - it'll restart once completed.
[      script:webpack] chat: started building webpack.config.js
[ citizen-server-impl] Couldn't start resource chat.
[ citizen-server-impl] Started resource spawnmanager
[   script:mapmanager] Started gametype Freeroam
[ citizen-server-impl] Started resource basic-gamemode
[    c-scripting-core] Creating script environments for hardcap
[ citizen-server-impl] Started resource hardcap
[      script:monitor] [txAdminClient] Threads and commands set up. All Ready.
[   script:mapmanager] Started map fivem-map-hipster
[ citizen-server-impl] Started resource fivem-map-hipster
[ citizen-server-impl]         fff                          
[ citizen-server-impl]   cccc ff   xx  xx     rr rr    eee  
[ citizen-server-impl] cc     ffff   xx       rrr  r ee   e 
[ citizen-server-impl] cc     ff     xx   ... rr     eeeee  
[ citizen-server-impl]  ccccc ff   xx  xx ... rr      eeeee 
[ citizen-server-impl]                                      
[ citizen-server-impl] Authenticated with cfx.re Nucleus: https://xavier-schahl-vl777r.users.cfx.re/
[      script:webpack] chat: built webpack.config.js
[ citizen-server-impl] Build tasks completed - starting resource chat.
[    c-scripting-core] Creating script environments for chat
[ citizen-server-impl] Started resource chat
